Loading alexandria_pbe_3d_2024.10.1_jarvis_tools.json.zip...
Loaded 4489295 entries
After filtering: 48764 structures
Found 0 existing ALIGNN predictions
48764 structures remaining to predict
Loading ALIGNN model: mp_gappbe_alignn...
Using chk file mp_gappbe_alignnn/checkpoint_300.pt from  ['mp_gappbe_alignnn/checkpoint_300.pt']
Path /home/jlee859/scratchkchoudh2/jlee859/miniconda3/envs/bmat/lib/python3.9/site-packages/alignn/mp_gappbe_alignn.zip
Config /weka/scratch/kchoudh2/jlee859/work/alignn_v3/mp_gappbe_alignnn/config.json
Building ALIGNN graph dataset...
data range -9999 -9999
Converting to graphs!
df                                                    atoms  prop           jid
0      {'lattice_mat': [[7.4175846, 0.01179697, 0.006... -9999  agm003160766
1      {'lattice_mat': [[11.13905623, 0.03280441, 0.0... -9999  agm003284312
2      {'lattice_mat': [[6.71979233, 0.0, 0.04693564]... -9999  agm003284065
3      {'lattice_mat': [[5.8276753, 0.00096172, 0.006... -9999  agm004929358
4      {'lattice_mat': [[5.79763162, 0.0, -0.1525943]... -9999  agm005595355
...                                                  ...   ...           ...
48759  {'lattice_mat': [[4.8006182200000005, 0.0, 0.0... -9999  agm003202127
48760  {'lattice_mat': [[4.54968347, -0.00055406, 0.0... -9999  agm005596679
48761  {'lattice_mat': [[4.74657359, 0.0, 0.0], [0.0,... -9999  agm003624532
48762  {'lattice_mat': [[4.29107317, 0.0, 0.0], [-2.1... -9999  agm005624068
48763  {'lattice_mat': [[4.41993471, -0.41616175, 0.5... -9999  agm002359848

[48764 rows x 3 columns]
warning: could not load CGCNN features for 103
Setting it to max atomic number available here, 103
warning: could not load CGCNN features for 101
Setting it to max atomic number available here, 103
warning: could not load CGCNN features for 102
Setting it to max atomic number available here, 103
building line graphs
Running ALIGNN inference...
Assembling final output...
Writing 48764 entries to results/alignn_predictions.json
Done.
