Loading from: vacancydb.json.zip
Loaded 530 entries
Skipped (elements Z > 65): 60
Skipped (already computed): 0
Total valid entries to run: 470
Using 4 GPUs
Loading cached model from /weka/scratch/kchoudh2/jlee859/repo/slakonet/slakonet/slakonet_v0/slakonet_v0.pt
Grouping parameters by pair...
Parameter grouping took: 0.03s
Creating 4095 SKF optimizers...
Optimizer creation took: 0.69s
State dict loading took: 11.13s
✅ Compact model loaded from: /weka/scratch/kchoudh2/jlee859/repo/slakonet/slakonet/slakonet_v0/slakonet_v0.pt
Total time: 40.84s
Loading cached model from /weka/scratch/kchoudh2/jlee859/repo/slakonet/slakonet/slakonet_v0/slakonet_v0.pt
Grouping parameters by pair...
Parameter grouping took: 0.03s
Creating 4095 SKF optimizers...
Optimizer creation took: 0.65s
State dict loading took: 11.16s
✅ Compact model loaded from: /weka/scratch/kchoudh2/jlee859/repo/slakonet/slakonet/slakonet_v0/slakonet_v0.pt
Total time: 39.20s
Loading cached model from /weka/scratch/kchoudh2/jlee859/repo/slakonet/slakonet/slakonet_v0/slakonet_v0.pt
Grouping parameters by pair...
Parameter grouping took: 0.03s
Creating 4095 SKF optimizers...
Optimizer creation took: 0.64s
State dict loading took: 11.24s
✅ Compact model loaded from: /weka/scratch/kchoudh2/jlee859/repo/slakonet/slakonet/slakonet_v0/slakonet_v0.pt
Total time: 40.83s
Loading cached model from /weka/scratch/kchoudh2/jlee859/repo/slakonet/slakonet/slakonet_v0/slakonet_v0.pt
Grouping parameters by pair...
Parameter grouping took: 0.03s
Creating 4095 SKF optimizers...
Optimizer creation took: 0.67s
State dict loading took: 11.62s
✅ Compact model loaded from: /weka/scratch/kchoudh2/jlee859/repo/slakonet/slakonet/slakonet_v0/slakonet_v0.pt
Total time: 41.23s
potential_energy 0.0
electronic_energy tensor(-3615.1768, device='cuda:1')
[GPU 1] JVASP-922_Mn_a_0 ef=2.6447 sk=0.0007
potential_energy 0.0
electronic_energy tensor(-10023.7363, device='cuda:1')
[GPU 1] JVASP-943_Ni_a_0 ef=1.3905 sk=0.0003
potential_energy 0.0
electronic_energy tensor(-1938.0388, device='cuda:1')
[GPU 1] JVASP-14837_V_a_0 ef=2.3843 sk=0.0006
potential_energy 0.0
electronic_energy tensor(-2640.1846, device='cuda:1')
[GPU 1] JVASP-14603_As_c_0 ef=1.4175 sk=0.0004
potential_energy 0.0
electronic_energy tensor(-1471.8660, device='cuda:1')
[GPU 1] JVASP-7804_Se_b_0 ef=1.2551 sk=0.0065
potential_energy 0.0
electronic_energy tensor(-2401.5156, device='cuda:1')
[GPU 1] JVASP-25144_P_f_0 ef=1.939 sk=0.0008
potential_energy 0.0
electronic_energy tensor(-2067.4626, device='cuda:1')
[GPU 1] JVASP-1020_Tc_d_0 ef=2.7775 sk=0.0003
potential_energy 0.0
electronic_energy tensor(-660.3286, device='cuda:1')
[GPU 1] JVASP-25379_H_f_0 ef=2.3998 sk=0.0000
potential_energy 0.0
electronic_energy tensor(-191.6956, device='cuda:1')
[GPU 1] JVASP-931_Na_c_0 ef=0.3554 sk=0.0012
potential_energy 0.0
electronic_energy tensor(-2202.1572, device='cuda:1')
[GPU 1] JVASP-895_I_f_0 ef=0.5095 sk=0.0005
potential_energy 0.0
electronic_energy tensor(-5618.8291, device='cuda:1')
[GPU 1] JVASP-963_Pd_b_0 ef=1.3685 sk=0.0003
potential_energy 0.0
electronic_energy tensor(-1979.3738, device='cuda:1')
[GPU 1] JVASP-11950_Ni_d_24 ef=1.5985 sk=0.0026
potential_energy 0.0
electronic_energy tensor(-2765.3992, device='cuda:1')
[GPU 1] JVASP-11970_Co_b_27 ef=0.7249 sk=0.0020
potential_energy 0.0
electronic_energy tensor(-2820.1577, device='cuda:1')
[GPU 1] JVASP-14639_Al_a_0 ef=2.4438 sk=0.0009
potential_energy 0.0
electronic_energy tensor(-6373.1313, device='cuda:1')
[GPU 1] JVASP-17_B_c_0 ef=8.765 sk=0.0081
potential_energy 0.0
electronic_energy tensor(-3079.8442, device='cuda:1')
[GPU 1] JVASP-19729_Ni_a_27 ef=0.4517 sk=0.0011
potential_energy 0.0
electronic_energy tensor(-3368.1240, device='cuda:1')
[GPU 1] JVASP-30_N_b_36 ef=2.4366 sk=0.0128
potential_energy 0.0
electronic_energy tensor(-3348.4868, device='cuda:1')
[GPU 1] JVASP-54_Mo_d_0 ef=6.5007 sk=0.2304
potential_energy 0.0
electronic_energy tensor(-2391.8235, device='cuda:1')
[GPU 1] JVASP-79137_Ag_b_8 ef=1.3329 sk=0.0016
potential_energy 0.0
electronic_energy tensor(-2811.0742, device='cuda:1')
[GPU 1] JVASP-96839_Al_b_24 ef=6.7023 sk=0.0156
potential_energy 0.0
electronic_energy tensor(-4902.0195, device='cuda:1')
[GPU 1] JVASP-100703_In_c_0 ef=9.2431 sk=0.0004
potential_energy 0.0
electronic_energy tensor(-395.6669, device='cuda:1')
[GPU 1] JVASP-101260_O_c_2 ef=3.3116 sk=0.0009
potential_energy 0.0
electronic_energy tensor(-4290.7197, device='cuda:1')
[GPU 1] JVASP-102247_O_d_18 ef=3.5457 sk=0.0002
potential_energy 0.0
electronic_energy tensor(-2144.1426, device='cuda:1')
[GPU 1] JVASP-104988_O_c_8 ef=2.0869 sk=0.9340
potential_energy 0.0
electronic_energy tensor(-5209.1084, device='cuda:1')
[GPU 1] JVASP-107154_O_c_27 ef=2.734 sk=4.7077
potential_energy 0.0
electronic_energy tensor(-1853.8153, device='cuda:1')
[GPU 1] JVASP-107386_O_c_8 ef=4.0036 sk=0.0003
potential_energy 0.0
electronic_energy tensor(-4717.1992, device='cuda:1')
[GPU 1] JVASP-12047_O_d_18 ef=1.8971 sk=0.0001
potential_energy 0.0
electronic_energy tensor(-3949.9438, device='cuda:1')
[GPU 1] JVASP-12196_O_a_18 ef=2.3868 sk=0.0009
potential_energy 0.0
electronic_energy tensor(-1699.0234, device='cuda:1')
[GPU 1] JVASP-17252_O_c_8 ef=3.0254 sk=0.0001
potential_energy 0.0
electronic_energy tensor(-1771.9329, device='cuda:1')
[GPU 1] JVASP-18428_Cr_b_0 ef=6.8374 sk=0.0006
potential_energy 0.0
electronic_energy tensor(-4023.4976, device='cuda:1')
[GPU 1] JVASP-186_Cr_b_9 ef=5.0596 sk=0.0002
potential_energy 0.0
electronic_energy tensor(-4717.8105, device='cuda:1')
[GPU 1] JVASP-18883_O_d_18 ef=1.928 sk=0.0011
potential_energy 0.0
electronic_energy tensor(-7675.2021, device='cuda:1')
[GPU 1] JVASP-22523_O_c_32 ef=3.2939 sk=5.5221
potential_energy 0.0
electronic_energy tensor(-4941.4722, device='cuda:1')
[GPU 1] JVASP-234_O_c_18 ef=1.6986 sk=1.0352
potential_energy 0.0
electronic_energy tensor(-4941.7295, device='cuda:1')
[GPU 1] JVASP-240_O_d_18 ef=1.7177 sk=1.0321
potential_energy 0.0
electronic_energy tensor(-4290.7666, device='cuda:1')
[GPU 1] JVASP-5308_O_d_18 ef=3.506 sk=0.0001
potential_energy 0.0
electronic_energy tensor(-4723.3496, device='cuda:1')
[GPU 1] JVASP-60771_Co_b_9 ef=5.5345 sk=0.0001
potential_energy 0.0
electronic_energy tensor(-1853.4722, device='cuda:1')
[GPU 1] JVASP-8245_O_c_8 ef=3.5598 sk=0.0007
potential_energy 0.0
electronic_energy tensor(-2134.9985, device='cuda:1')
[GPU 1] JVASP-8248_Ni_a_0 ef=6.6042 sk=0.0010
potential_energy 0.0
electronic_energy tensor(-1853.5775, device='cuda:1')
[GPU 1] JVASP-8264_O_c_8 ef=3.574 sk=0.0019
potential_energy 0.0
electronic_energy tensor(-2044.7349, device='cuda:1')
[GPU 1] JVASP-8268_O_c_8 ef=1.8388 sk=0.0005
potential_energy 0.0
electronic_energy tensor(-4941.5820, device='cuda:1')
[GPU 1] JVASP-8392_O_i_18 ef=1.6979 sk=1.0314
potential_energy 0.0
electronic_energy tensor(-2134.9924, device='cuda:1')
[GPU 1] JVASP-8645_Ni_b_0 ef=6.6058 sk=0.0011
potential_energy 0.0
electronic_energy tensor(-4717.2119, device='cuda:1')
[GPU 1] JVASP-92452_O_d_18 ef=1.8981 sk=0.0001
potential_energy 0.0
electronic_energy tensor(-5800.2568, device='cuda:1')
[GPU 1] JVASP-93457_Mn_a_0 ef=6.5784 sk=0.0006
potential_energy 0.0
electronic_energy tensor(-4722.8921, device='cuda:1')
[GPU 1] JVASP-93825_Co_a_0 ef=5.5047 sk=0.0002
potential_energy 0.0
electronic_energy tensor(-5376.7949, device='cuda:1')
[GPU 1] JVASP-93956_Cr_a_0 ef=6.7779 sk=0.0004
potential_energy 0.0
electronic_energy tensor(-4163.7773, device='cuda:1')
[GPU 1] JVASP-94344_Mo_c_0 ef=6.38 sk=0.0014
potential_energy 0.0
electronic_energy tensor(-127.8432, device='cuda:1')
[GPU 1] JVASP-1029_Ti_d_2 ef=2.1982 sk=0.0003
potential_energy 0.0
electronic_energy tensor(-838.4258, device='cuda:1')
[GPU 1] JVASP-116_Mg_a_0 ef=8.3853 sk=0.0003
potential_energy 0.0
electronic_energy tensor(-845.2249, device='cuda:1')
[GPU 1] JVASP-11956_Ni_a_8 ef=1.0759 sk=0.0092
potential_energy 0.0
electronic_energy tensor(-1059.7679, device='cuda:1')
[GPU 1] JVASP-11959_Al_b_0 ef=2.4526 sk=0.0031
potential_energy 0.0
electronic_energy tensor(-402.8667, device='cuda:1')
[GPU 1] JVASP-11963_Nb_a_0 ef=2.2067 sk=0.0013
potential_energy 0.0
electronic_energy tensor(-1058.9045, device='cuda:1')
[GPU 1] JVASP-11965_Co_h_20 ef=1.9606 sk=0.0020
potential_energy 0.0
electronic_energy tensor(-568.6324, device='cuda:1')
[GPU 1] JVASP-11975_Ni_c_12 ef=2.0469 sk=0.0145
potential_energy 0.0
electronic_energy tensor(-35.9225, device='cuda:1')
[GPU 1] JVASP-11987_Al_a_3 ef=0.7705 sk=0.0068
potential_energy 0.0
electronic_energy tensor(-593.0472, device='cuda:1')
[GPU 1] JVASP-1300_S_b_8 ef=4.3215 sk=0.1638
potential_energy 0.0
electronic_energy tensor(-571.4451, device='cuda:1')
[GPU 1] JVASP-1327_P_d_8 ef=3.9055 sk=0.0186
potential_energy 0.0
electronic_energy tensor(-156.8332, device='cuda:1')
[GPU 1] JVASP-13988_Cu_a_4 ef=0.4582 sk=0.0002
potential_energy 0.0
electronic_energy tensor(-250.0176, device='cuda:1')
[GPU 1] JVASP-14311_Fe_c_0 ef=0.5594 sk=0.0002
potential_energy 0.0
electronic_energy tensor(-177.8285, device='cuda:1')
[GPU 1] JVASP-1453_O_c_2 ef=4.8426 sk=0.0087
potential_energy 0.0
electronic_energy tensor(-262.5769, device='cuda:1')
[GPU 1] JVASP-14657_Zr_h_0 ef=2.9504 sk=0.0044
potential_energy 0.0
electronic_energy tensor(-430.6165, device='cuda:1')
[GPU 1] JVASP-14857_Zr_e_0 ef=2.4874 sk=0.0017
potential_energy 0.0
electronic_energy tensor(-678.2397, device='cuda:1')
[GPU 1] JVASP-15000_Fe_b_8 ef=0.6154 sk=0.0035
potential_energy 0.0
electronic_energy tensor(-273.5900, device='cuda:1')
[GPU 1] JVASP-16660_Al_a_4 ef=1.7259 sk=0.0014
potential_energy 0.0
electronic_energy tensor(-148.0014, device='cuda:1')
[GPU 1] JVASP-16845_Cu_c_2 ef=0.7804 sk=0.0256
potential_energy 0.0
electronic_energy tensor(-1350.9288, device='cuda:1')
[GPU 1] JVASP-1702_Zn_a_0 ef=3.8868 sk=0.0031
potential_energy 0.0
electronic_energy tensor(-988.3149, device='cuda:1')
potential_energy 0.0
electronic_energy tensor(-2528.3948, device='cuda:2')
[GPU 2] JVASP-21195_Mo_a_0 ef=2.7208 sk=0.0011
potential_energy 0.0
electronic_energy tensor(-129.8575, device='cuda:2')
[GPU 2] JVASP-14604_Ba_a_0 ef=1.1934 sk=0.0011
potential_energy 0.0
electronic_energy tensor(-5042.7671, device='cuda:2')
[GPU 2] JVASP-858_Co_c_0 ef=2.0493 sk=0.0002
potential_energy 0.0
electronic_energy tensor(-460.4189, device='cuda:2')
[GPU 2] JVASP-919_Mg_c_0 ef=0.6869 sk=0.0029
potential_energy 0.0
electronic_energy tensor(-548.6876, device='cuda:2')
[GPU 2] JVASP-1050_Y_c_0 ef=1.851 sk=0.0002
potential_energy 0.0
electronic_energy tensor(-1022.1028, device='cuda:2')
[GPU 2] JVASP-993_Sb_c_0 ef=1.3744 sk=0.0044
potential_energy 0.0
electronic_energy tensor(-119.0851, device='cuda:2')
[GPU 2] JVASP-25114_K_a_0 ef=0.3431 sk=0.0046
potential_energy 0.0
electronic_energy tensor(-832.8204, device='cuda:2')
[GPU 2] JVASP-898_In_a_0 ef=0.4246 sk=0.0020
potential_energy 0.0
electronic_energy tensor(-1864.4705, device='cuda:2')
[GPU 2] JVASP-934_Nb_a_0 ef=2.751 sk=0.0006
potential_energy 0.0
electronic_energy tensor(-897.4609, device='cuda:2')
[GPU 2] JVASP-1029_Ti_a_0 ef=2.9426 sk=0.0004
potential_energy 0.0
electronic_energy tensor(-4198.5781, device='cuda:2')
[GPU 2] JVASP-1130_Li_a_0 ef=7.6078 sk=0.0001
potential_energy 0.0
electronic_energy tensor(-3149.8447, device='cuda:2')
[GPU 2] JVASP-11956_Al_b_0 ef=1.9145 sk=0.0029
potential_energy 0.0
electronic_energy tensor(-487.0165, device='cuda:2')
[GPU 2] JVASP-11987_Al_a_24 ef=0.1478 sk=0.0005
potential_energy 0.0
electronic_energy tensor(-2765.3992, device='cuda:2')
[GPU 2] JVASP-14639_Co_b_27 ef=0.7249 sk=0.0020
potential_energy 0.0
electronic_energy tensor(-2821.4985, device='cuda:2')
[GPU 2] JVASP-19673_V_b_0 ef=1.1766 sk=0.0004
potential_energy 0.0
electronic_energy tensor(-877.5486, device='cuda:2')
[GPU 2] JVASP-20253_Ti_d_0 ef=1.6475 sk=0.0004
potential_energy 0.0
electronic_energy tensor(-2655.7146, device='cuda:2')
[GPU 2] JVASP-37038_Ti_a_0 ef=0.2007 sk=0.0009
potential_energy 0.0
electronic_energy tensor(-3334.5989, device='cuda:2')
[GPU 2] JVASP-54_S_f_18 ef=2.5672 sk=0.5300
potential_energy 0.0
electronic_energy tensor(-2390.6064, device='cuda:2')
[GPU 2] JVASP-79137_Ag_d_0 ef=1.4859 sk=0.0008
potential_energy 0.0
electronic_energy tensor(-2832.4995, device='cuda:2')
[GPU 2] JVASP-96839_H_d_96 ef=1.1211 sk=0.0049
potential_energy 0.0
electronic_energy tensor(-4847.7979, device='cuda:2')
[GPU 2] JVASP-100703_O_g_24 ef=0.3216 sk=0.0004
potential_energy 0.0
electronic_energy tensor(-421.6919, device='cuda:2')
[GPU 2] JVASP-101260_Mn_a_1 ef=5.9314 sk=0.0024
potential_energy 0.0
electronic_energy tensor(-442.4617, device='cuda:2')
[GPU 2] JVASP-103152_O_c_2 ef=1.3245 sk=0.0162
potential_energy 0.0
electronic_energy tensor(-4868.5176, device='cuda:2')
[GPU 2] JVASP-105710_O_g_24 ef=0.935 sk=0.0004
potential_energy 0.0
electronic_energy tensor(-1772.2849, device='cuda:2')
[GPU 2] JVASP-107385_Cr_b_0 ef=7.1938 sk=0.0012
potential_energy 0.0
electronic_energy tensor(-2318.1348, device='cuda:2')
[GPU 2] JVASP-12019_Co_a_0 ef=5.6036 sk=0.0039
potential_energy 0.0
electronic_energy tensor(-4933.0850, device='cuda:2')
[GPU 2] JVASP-12195_Ni_b_0 ef=6.7235 sk=0.0053
potential_energy 0.0
electronic_energy tensor(-3558.6611, device='cuda:2')
[GPU 2] JVASP-1285_Ba_a_0 ef=7.3792 sk=0.0004
potential_energy 0.0
electronic_energy tensor(-1961.8921, device='cuda:2')
[GPU 2] JVASP-17253_Fe_b_0 ef=6.0949 sk=0.0027
potential_energy 0.0
electronic_energy tensor(-1699.0242, device='cuda:2')
[GPU 2] JVASP-18428_O_c_8 ef=3.0248 sk=0.0002
potential_energy 0.0
electronic_energy tensor(-4023.4551, device='cuda:2')
[GPU 2] JVASP-186_Cr_c_0 ef=5.0427 sk=0.0006
potential_energy 0.0
electronic_energy tensor(-5799.8877, device='cuda:2')
[GPU 2] JVASP-18888_Mn_a_0 ef=6.7869 sk=0.0001
potential_energy 0.0
electronic_energy tensor(-2328.6992, device='cuda:2')
[GPU 2] JVASP-22677_Ca_b_0 ef=7.4999 sk=0.0003
potential_energy 0.0
electronic_energy tensor(-6612.1914, device='cuda:2')
[GPU 2] JVASP-237_Ni_a_0 ef=6.6924 sk=0.0005
potential_energy 0.0
electronic_energy tensor(-3817.5413, device='cuda:2')
[GPU 2] JVASP-51876_C_a_0 ef=4.3467 sk=0.0006
potential_energy 0.0
electronic_energy tensor(-3817.5396, device='cuda:2')
[GPU 2] JVASP-53976_C_a_0 ef=4.738 sk=0.0006
potential_energy 0.0
electronic_energy tensor(-4718.0791, device='cuda:2')
[GPU 2] JVASP-60771_O_c_18 ef=1.9139 sk=0.0010
potential_energy 0.0
electronic_energy tensor(-1698.9594, device='cuda:2')
[GPU 2] JVASP-8246_O_c_8 ef=3.0414 sk=0.0001
potential_energy 0.0
electronic_energy tensor(-2143.8301, device='cuda:2')
[GPU 2] JVASP-8248_O_c_8 ef=1.7631 sk=0.9150
potential_energy 0.0
electronic_energy tensor(-2048.4375, device='cuda:2')
[GPU 2] JVASP-8265_Co_b_0 ef=6.2529 sk=0.0018
potential_energy 0.0
electronic_energy tensor(-1943.1768, device='cuda:2')
[GPU 2] JVASP-8320_O_c_8 ef=0.4787 sk=0.0018
potential_energy 0.0
electronic_energy tensor(-2048.4365, device='cuda:2')
[GPU 2] JVASP-8638_Co_b_0 ef=6.2542 sk=0.0018
potential_energy 0.0
electronic_energy tensor(-2143.8242, device='cuda:2')
[GPU 2] JVASP-8645_O_c_8 ef=1.7652 sk=0.9149
potential_energy 0.0
electronic_energy tensor(-4717.0303, device='cuda:2')
[GPU 2] JVASP-92454_O_d_18 ef=1.7197 sk=0.0004
potential_energy 0.0
electronic_energy tensor(-5766.3945, device='cuda:2')
[GPU 2] JVASP-93457_O_f_24 ef=2.9018 sk=0.0003
potential_energy 0.0
electronic_energy tensor(-4717.5127, device='cuda:2')
[GPU 2] JVASP-93825_O_f_18 ef=1.8693 sk=0.0001
potential_energy 0.0
electronic_energy tensor(-5302., device='cuda:2')
[GPU 2] JVASP-93956_O_f_24 ef=3.3489 sk=0.0006
potential_energy 0.0
electronic_energy tensor(-4113.0298, device='cuda:2')
[GPU 2] JVASP-94344_O_f_18 ef=4.4979 sk=0.0154
potential_energy 0.0
electronic_energy tensor(-1671.7507, device='cuda:2')
[GPU 2] JVASP-104_O_e_8 ef=4.9185 sk=0.0824
potential_energy 0.0
electronic_energy tensor(-765.0428, device='cuda:2')
[GPU 2] JVASP-116_O_b_8 ef=7.0218 sk=2.1888
potential_energy 0.0
electronic_energy tensor(-988.3156, device='cuda:2')
[GPU 2] JVASP-11959_Ni_a_6 ef=1.3459 sk=0.0004
potential_energy 0.0
electronic_energy tensor(-1060.2024, device='cuda:2')
[GPU 2] JVASP-11959_Al_j_2 ef=2.564 sk=0.0030
potential_energy 0.0
electronic_energy tensor(-1115.7703, device='cuda:2')
[GPU 2] JVASP-11965_Al_a_0 ef=1.8128 sk=0.0008
potential_energy 0.0
electronic_energy tensor(-2423.9712, device='cuda:2')
[GPU 2] JVASP-11968_Al_a_0 ef=3.1839 sk=0.0011
potential_energy 0.0
electronic_energy tensor(-220.3854, device='cuda:2')
[GPU 2] JVASP-11981_Nb_c_0 ef=2.3626 sk=0.0093
potential_energy 0.0
electronic_energy tensor(-1092.1477, device='cuda:2')
[GPU 2] JVASP-1201_Cl_c_8 ef=1.7806 sk=0.0017
potential_energy 0.0
electronic_energy tensor(-609.4697, device='cuda:2')
[GPU 2] JVASP-1312_B_a_0 ef=3.2134 sk=0.0079
potential_energy 0.0
electronic_energy tensor(-588.7790, device='cuda:2')
[GPU 2] JVASP-1393_Ga_a_0 ef=3.8053 sk=0.0031
potential_energy 0.0
electronic_energy tensor(-833.5509, device='cuda:2')
[GPU 2] JVASP-1405_Ca_a_0 ef=8.6973 sk=0.0004
potential_energy 0.0
electronic_energy tensor(-258.6127, device='cuda:2')
[GPU 2] JVASP-14311_P_b_4 ef=1.3037 sk=0.0035
potential_energy 0.0
electronic_energy tensor(-205.0609, device='cuda:2')
[GPU 2] JVASP-1453_Cu_a_1 ef=2.5491 sk=0.0029
potential_energy 0.0
electronic_energy tensor(-193.5012, device='cuda:2')
[GPU 2] JVASP-14657_Ni_a_4 ef=1.9538 sk=0.0015
potential_energy 0.0
electronic_energy tensor(-393.0822, device='cuda:2')
[GPU 2] JVASP-14857_Cu_a_8 ef=1.0151 sk=0.0018
potential_energy 0.0
electronic_energy tensor(-272.9480, device='cuda:2')
[GPU 2] JVASP-16660_Al_c_6 ef=1.8336 sk=0.0029
potential_energy 0.0
electronic_energy tensor(-190.5587, device='cuda:2')
[GPU 2] JVASP-16845_Al_a_0 ef=1.9342 sk=0.0015
potential_energy 0.0
electronic_energy tensor(-1399.3644, device='cuda:2')
[GPU 2] JVASP-1702_S_d_8 ef=3.7303 sk=1.0261
potential_energy 0.0
electronic_energy tensor(-989.8168, device='cuda:2')
[GPU 2] JVASP-17422_Ni_e_8 ef=1.2667 sk=0.0020
potential_energy 0.0
electronic_energy tensor(-250.4252, device='cuda:2')
potential_energy 0.0
electronic_energy tensor(-6985.1777, device='cuda:0')
[GPU 0] JVASP-867_Cu_a_0 ef=0.927 sk=0.0008
potential_energy 0.0
electronic_energy tensor(-742.9951, device='cuda:0')
[GPU 0] JVASP-816_Al_a_0 ef=0.4434 sk=0.0022
potential_energy 0.0
electronic_energy tensor(-1936.1006, device='cuda:0')
[GPU 0] JVASP-987_Ru_c_0 ef=2.7113 sk=0.0044
potential_energy 0.0
electronic_energy tensor(-2189.3047, device='cuda:0')
[GPU 0] JVASP-14601_Sn_b_0 ef=1.358 sk=0.0007
potential_energy 0.0
electronic_energy tensor(-876.1504, device='cuda:0')
[GPU 0] JVASP-14612_Zr_d_0 ef=2.0261 sk=0.0014
potential_energy 0.0
electronic_energy tensor(-2659.1462, device='cuda:0')
[GPU 0] JVASP-25104_Cl_f_0 ef=1.1002 sk=0.0024
potential_energy 0.0
electronic_energy tensor(-1304.1239, device='cuda:0')
[GPU 0] JVASP-25210_Te_a_0 ef=1.0969 sk=0.0024
potential_energy 0.0
electronic_energy tensor(-291.4382, device='cuda:0')
[GPU 0] JVASP-25180_Ca_a_0 ef=1.1767 sk=0.0051
potential_energy 0.0
electronic_energy tensor(-1830.4973, device='cuda:0')
[GPU 0] JVASP-861_Cr_a_0 ef=2.5954 sk=0.0034
potential_energy 0.0
electronic_energy tensor(-6869.5098, device='cuda:0')
[GPU 0] JVASP-984_Rh_b_0 ef=1.7995 sk=0.0007
potential_energy 0.0
electronic_energy tensor(-585.3079, device='cuda:0')
[GPU 0] JVASP-996_Sc_c_0 ef=1.794 sk=0.0010
potential_energy 0.0
electronic_energy tensor(-2050.0488, device='cuda:0')
[GPU 0] JVASP-11950_Al_a_0 ef=2.5045 sk=0.0013
potential_energy 0.0
electronic_energy tensor(-2820.1577, device='cuda:0')
[GPU 0] JVASP-11970_Al_a_0 ef=2.4438 sk=0.0009
potential_energy 0.0
electronic_energy tensor(-1251.4048, device='cuda:0')
[GPU 0] JVASP-13988_Cu_a_24 ef=0.2134 sk=0.0037
potential_energy 0.0
electronic_energy tensor(-2453.8496, device='cuda:0')
[GPU 0] JVASP-15000_Fe_b_27 ef=0.2715 sk=0.0007
potential_energy 0.0
electronic_energy tensor(-3149.8625, device='cuda:0')
[GPU 0] JVASP-19729_Al_b_0 ef=1.9144 sk=0.0031
potential_energy 0.0
electronic_energy tensor(-877.5386, device='cuda:0')
[GPU 0] JVASP-20524_Ti_d_0 ef=1.6476 sk=0.0007
potential_energy 0.0
electronic_energy tensor(-3221.5413, device='cuda:0')
[GPU 0] JVASP-39_Al_b_0 ef=8.5542 sk=0.0002
potential_energy 0.0
electronic_energy tensor(-3150.6587, device='cuda:0')
[GPU 0] JVASP-57_Se_f_18 ef=2.177 sk=0.0001
potential_energy 0.0
electronic_energy tensor(-3144.1567, device='cuda:0')
[GPU 0] JVASP-95_S_b_16 ef=2.4611 sk=2.0081
potential_energy 0.0
electronic_energy tensor(-2831.8369, device='cuda:0')
[GPU 0] JVASP-96839_H_h_48 ef=1.2265 sk=0.0110
potential_energy 0.0
electronic_energy tensor(-1853.8770, device='cuda:0')
[GPU 0] JVASP-101250_O_c_8 ef=4.0097 sk=0.0024
potential_energy 0.0
electronic_energy tensor(-4329.0640, device='cuda:0')
[GPU 0] JVASP-102247_Mn_b_0 ef=7.0605 sk=0.0001
potential_energy 0.0
electronic_energy tensor(-2135.3108, device='cuda:0')
[GPU 0] JVASP-104988_Ni_a_0 ef=6.933 sk=0.0001
potential_energy 0.0
electronic_energy tensor(-5279.0879, device='cuda:0')
[GPU 0] JVASP-107154_Mg_a_0 ef=9.1638 sk=0.0041
potential_energy 0.0
electronic_energy tensor(-1892.7405, device='cuda:0')
[GPU 0] JVASP-107386_Mn_a_0 ef=8.0733 sk=0.0011
potential_energy 0.0
electronic_energy tensor(-4722.5566, device='cuda:0')
[GPU 0] JVASP-12047_Co_a_0 ef=5.5373 sk=0.0001
potential_energy 0.0
electronic_energy tensor(-4941.5742, device='cuda:0')
[GPU 0] JVASP-12195_O_i_18 ef=1.6977 sk=1.0301
potential_energy 0.0
electronic_energy tensor(-1771.9301, device='cuda:0')
[GPU 0] JVASP-17252_Cr_b_0 ef=6.8381 sk=0.0006
potential_energy 0.0
electronic_energy tensor(-1963.7363, device='cuda:0')
[GPU 0] JVASP-18424_Cu_a_0 ef=5.2563 sk=0.0007
potential_energy 0.0
electronic_energy tensor(-1943.0781, device='cuda:0')
[GPU 0] JVASP-18430_O_c_8 ef=2.5722 sk=0.0010
potential_energy 0.0
electronic_energy tensor(-4723.1709, device='cuda:0')
[GPU 0] JVASP-18883_Co_a_0 ef=5.5663 sk=0.0004
potential_energy 0.0
electronic_energy tensor(-7702.9692, device='cuda:0')
[GPU 0] JVASP-22523_C_a_0 ef=9.2143 sk=0.0059
potential_energy 0.0
electronic_energy tensor(-4932.9741, device='cuda:0')
[GPU 0] JVASP-234_Ni_b_0 ef=6.6138 sk=0.0009
potential_energy 0.0
electronic_energy tensor(-4933.1895, device='cuda:0')
[GPU 0] JVASP-240_Ni_a_0 ef=6.627 sk=0.0052
potential_energy 0.0
electronic_energy tensor(-4329.1279, device='cuda:0')
[GPU 0] JVASP-5308_Mn_a_0 ef=7.0185 sk=0.0001
potential_energy 0.0
electronic_energy tensor(-4723.3989, device='cuda:0')
[GPU 0] JVASP-60771_Co_a_0 ef=5.5547 sk=0.0005
potential_energy 0.0
electronic_energy tensor(-5329.1963, device='cuda:0')
[GPU 0] JVASP-8065_O_f_24 ef=4.5271 sk=2.6531
potential_energy 0.0
electronic_energy tensor(-2144.0083, device='cuda:0')
[GPU 0] JVASP-8247_O_c_8 ef=1.9346 sk=0.9422
potential_energy 0.0
electronic_energy tensor(-4722.8901, device='cuda:0')
[GPU 0] JVASP-8253_Co_b_9 ef=5.2322 sk=0.0002
potential_energy 0.0
electronic_energy tensor(-2048.6658, device='cuda:0')
[GPU 0] JVASP-8268_Co_a_0 ef=6.4865 sk=0.0003
potential_energy 0.0
electronic_energy tensor(-4932.9824, device='cuda:0')
[GPU 0] JVASP-8392_Ni_d_0 ef=6.6139 sk=0.0003
potential_energy 0.0
electronic_energy tensor(-1853.4823, device='cuda:0')
[GPU 0] JVASP-8642_O_c_8 ef=3.5572 sk=0.0008
potential_energy 0.0
electronic_energy tensor(-4722.5728, device='cuda:0')
[GPU 0] JVASP-92452_Co_a_0 ef=5.5378 sk=0.0003
potential_energy 0.0
electronic_energy tensor(-5329.1934, device='cuda:0')
[GPU 0] JVASP-93342_O_f_24 ef=4.5304 sk=2.9624
potential_energy 0.0
electronic_energy tensor(-5764.9077, device='cuda:0')
[GPU 0] JVASP-93460_O_g_24 ef=2.6651 sk=0.0001
potential_energy 0.0
electronic_energy tensor(-5764.7305, device='cuda:0')
[GPU 0] JVASP-93954_O_g_24 ef=2.6877 sk=0.0001
potential_energy 0.0
electronic_energy tensor(-8465.5762, device='cuda:0')
[GPU 0] JVASP-94296_O_d_36 ef=3.7553 sk=7.1112
potential_energy 0.0
electronic_energy tensor(-5302.2090, device='cuda:0')
[GPU 0] JVASP-94423_O_f_24 ef=3.6852 sk=0.0004
potential_energy 0.0
electronic_energy tensor(-776.3894, device='cuda:0')
[GPU 0] JVASP-113_O_e_4 ef=6.3325 sk=0.7792
potential_energy 0.0
electronic_energy tensor(-163.1798, device='cuda:0')
[GPU 0] JVASP-11950_Ni_d_3 ef=1.9116 sk=0.0339
potential_energy 0.0
electronic_energy tensor(-989.6453, device='cuda:0')
[GPU 0] JVASP-11959_Ni_h_12 ef=1.1026 sk=0.0011
potential_energy 0.0
electronic_energy tensor(-412.3990, device='cuda:0')
[GPU 0] JVASP-11963_Al_d_8 ef=2.6977 sk=0.0001
potential_energy 0.0
electronic_energy tensor(-1058.8596, device='cuda:0')
[GPU 0] JVASP-11965_Co_d_21 ef=1.599 sk=0.0030
potential_energy 0.0
electronic_energy tensor(-760.6066, device='cuda:0')
[GPU 0] JVASP-11970_Co_b_8 ef=1.1424 sk=0.0001
potential_energy 0.0
electronic_energy tensor(-47.2140, device='cuda:0')
[GPU 0] JVASP-11987_Mg_c_0 ef=0.8436 sk=0.0026
potential_energy 0.0
electronic_energy tensor(-648.7543, device='cuda:0')
[GPU 0] JVASP-1300_Mg_a_0 ef=5.2546 sk=0.0032
potential_energy 0.0
electronic_energy tensor(-603.1296, device='cuda:0')
[GPU 0] JVASP-1327_Al_a_0 ef=4.8409 sk=0.0040
potential_energy 0.0
electronic_energy tensor(-192.0067, device='cuda:0')
[GPU 0] JVASP-13988_Al_e_0 ef=0.9349 sk=0.0101
potential_energy 0.0
electronic_energy tensor(-250.4252, device='cuda:0')
[GPU 0] JVASP-14311_Fe_a_3 ef=1.2968 sk=0.0023
potential_energy 0.0
electronic_energy tensor(-760.6066, device='cuda:0')
[GPU 0] JVASP-14639_Co_b_8 ef=1.1424 sk=0.0001
potential_energy 0.0
electronic_energy tensor(-592.6222, device='cuda:0')
[GPU 0] JVASP-14739_Zr_d_0 ef=4.9089 sk=0.0011
potential_energy 0.0
electronic_energy tensor(-2355.0918, device='cuda:0')
[GPU 0] JVASP-14971_Ni_c_8 ef=1.1686 sk=0.0146
potential_energy 0.0
electronic_energy tensor(-273.4955, device='cuda:0')
[GPU 0] JVASP-16660_Ti_i_0 ef=1.9697 sk=0.0008
potential_energy 0.0
electronic_energy tensor(-146.0765, device='cuda:0')
[GPU 0] JVASP-16845_Cu_b_1 ef=1.0212 sk=0.0074
potential_energy 0.0
electronic_energy tensor(-156.8338, device='cuda:0')
[GPU 0] JVASP-16852_Cu_a_4 ef=0.4582 sk=0.0003
potential_energy 0.0
electronic_energy tensor(-457.7116, device='cuda:0')
[GPU 0] JVASP-17185_C_d_6 ef=0.7914 sk=0.0008
potential_energy 0.0
electronic_energy tensor(-1059.7679, device='cuda:0')
potential_energy 0.0
electronic_energy tensor(-2259.4976, device='cuda:3')
[GPU 3] JVASP-1002_Si_b_0 ef=3.6685 sk=0.0031
potential_energy 0.0
electronic_energy tensor(-2409.9460, device='cuda:3')
[GPU 3] JVASP-890_Ge_b_0 ef=2.1415 sk=0.0151
potential_energy 0.0
electronic_energy tensor(-2653.5737, device='cuda:3')
[GPU 3] JVASP-14606_Ag_a_0 ef=0.8138 sk=0.0040
potential_energy 0.0
electronic_energy tensor(-4453.5635, device='cuda:3')
[GPU 3] JVASP-828_B_h_0 ef=3.0083 sk=0.0004
potential_energy 0.0
electronic_energy tensor(-4748.8125, device='cuda:3')
[GPU 3] JVASP-25250_N_f_0 ef=5.2731 sk=0.0003
potential_energy 0.0
electronic_energy tensor(-24.9677, device='cuda:3')
[GPU 3] JVASP-25388_Rb_c_0 ef=0.3513 sk=0.0048
potential_energy 0.0
electronic_energy tensor(-11174.3828, device='cuda:3')
[GPU 3] JVASP-33718_F_f_0 ef=1.2939 sk=0.0001
potential_energy 0.0
electronic_energy tensor(-2494.5801, device='cuda:3')
[GPU 3] JVASP-840_Br_f_0 ef=0.4742 sk=0.0004
potential_energy 0.0
electronic_energy tensor(-908.0554, device='cuda:3')
[GPU 3] JVASP-1029_Ti_d_12 ef=1.763 sk=0.0006
potential_energy 0.0
electronic_energy tensor(-3153.5591, device='cuda:3')
[GPU 3] JVASP-1180_N_b_36 ef=0.4608 sk=0.0003
potential_energy 0.0
electronic_energy tensor(-3079.8447, device='cuda:3')
[GPU 3] JVASP-11956_Ni_a_27 ef=0.452 sk=0.0013
potential_energy 0.0
electronic_energy tensor(-3462.3501, device='cuda:3')
[GPU 3] JVASP-1216_Cu_c_0 ef=0.1195 sk=0.0002
potential_energy 0.0
electronic_energy tensor(-2491.0354, device='cuda:3')
[GPU 3] JVASP-15000_Al_a_0 ef=2.0729 sk=0.0011
potential_energy 0.0
electronic_energy tensor(-2786.7070, device='cuda:3')
[GPU 3] JVASP-19673_Fe_a_27 ef=0.9624 sk=0.0001
potential_energy 0.0
electronic_energy tensor(-877.9572, device='cuda:3')
[GPU 3] JVASP-20253_Al_a_18 ef=2.4117 sk=0.0008
potential_energy 0.0
electronic_energy tensor(-886.1310, device='cuda:3')
[GPU 3] JVASP-37599_Ti_c_0 ef=1.6534 sk=0.0002
potential_energy 0.0
electronic_energy tensor(-3167.6387, device='cuda:3')
[GPU 3] JVASP-57_Mo_c_0 ef=4.7567 sk=0.0099
potential_energy 0.0
electronic_energy tensor(-2424.7017, device='cuda:3')
[GPU 3] JVASP-79137_Pd_a_12 ef=1.3961 sk=0.0012
potential_energy 0.0
electronic_energy tensor(-2832.2756, device='cuda:3')
[GPU 3] JVASP-96839_H_g_80 ef=1.238 sk=0.0021
potential_energy 0.0
electronic_energy tensor(-1892.7727, device='cuda:3')
[GPU 3] JVASP-101250_Mn_a_0 ef=7.997 sk=0.0013
potential_energy 0.0
electronic_energy tensor(-420.6823, device='cuda:3')
[GPU 3] JVASP-101260_Mn_b_0 ef=5.9367 sk=0.0008
potential_energy 0.0
electronic_energy tensor(-446.1256, device='cuda:3')
[GPU 3] JVASP-103152_Co_a_0 ef=3.5499 sk=0.0108
potential_energy 0.0
electronic_energy tensor(-2981.4421, device='cuda:3')
[GPU 3] JVASP-106858_Na_a_0 ef=3.7278 sk=0.0002
potential_energy 0.0
electronic_energy tensor(-1699.3821, device='cuda:3')
[GPU 3] JVASP-107385_O_c_8 ef=3.4356 sk=0.0005
potential_energy 0.0
electronic_energy tensor(-2312.4641, device='cuda:3')
[GPU 3] JVASP-12019_O_i_9 ef=1.916 sk=0.0011
potential_energy 0.0
electronic_energy tensor(-4932.9473, device='cuda:3')
[GPU 3] JVASP-12195_Ni_c_9 ef=6.6058 sk=0.0009
potential_energy 0.0
electronic_energy tensor(-3488.3328, device='cuda:3')
[GPU 3] JVASP-1285_O_e_18 ef=0.8921 sk=0.3515
potential_energy 0.0
electronic_energy tensor(-1943.0815, device='cuda:3')
[GPU 3] JVASP-17253_O_c_8 ef=2.5739 sk=0.0011
potential_energy 0.0
electronic_energy tensor(-1961.8901, device='cuda:3')
[GPU 3] JVASP-18430_Fe_a_0 ef=6.0934 sk=0.0016
potential_energy 0.0
electronic_energy tensor(-3950.0359, device='cuda:3')
[GPU 3] JVASP-186_O_i_18 ef=2.3875 sk=0.0013
potential_energy 0.0
electronic_energy tensor(-5764.9541, device='cuda:3')
[GPU 3] JVASP-18888_O_g_24 ef=2.6778 sk=0.0006
potential_energy 0.0
electronic_energy tensor(-4932.9316, device='cuda:3')
[GPU 3] JVASP-234_Ni_a_9 ef=6.6058 sk=0.0009
potential_energy 0.0
electronic_energy tensor(-6620.7344, device='cuda:3')
[GPU 3] JVASP-237_O_c_24 ef=1.8047 sk=1.0747
potential_energy 0.0
electronic_energy tensor(-3787.7334, device='cuda:3')
[GPU 3] JVASP-51876_O_f_16 ef=3.272 sk=5.5147
potential_energy 0.0
electronic_energy tensor(-3787.7246, device='cuda:3')
[GPU 3] JVASP-53976_O_f_16 ef=3.2696 sk=5.5167
potential_energy 0.0
electronic_energy tensor(-5374.3071, device='cuda:3')
[GPU 3] JVASP-8065_Ge_a_0 ef=11.5275 sk=0.0003
potential_energy 0.0
electronic_energy tensor(-2135.1191, device='cuda:3')
[GPU 3] JVASP-8247_Ni_a_0 ef=6.7177 sk=0.0003
potential_energy 0.0
electronic_energy tensor(-4722.8457, device='cuda:3')
[GPU 3] JVASP-8253_Co_a_0 ef=5.2085 sk=0.0002
potential_energy 0.0
electronic_energy tensor(-2044.9426, device='cuda:3')
[GPU 3] JVASP-8265_O_c_8 ef=1.9027 sk=0.0002
potential_energy 0.0
electronic_energy tensor(-4932.9463, device='cuda:3')
[GPU 3] JVASP-8392_Ni_a_9 ef=6.6059 sk=0.0009
potential_energy 0.0
electronic_energy tensor(-2044.9408, device='cuda:3')
[GPU 3] JVASP-8638_O_c_8 ef=1.9039 sk=0.0001
potential_energy 0.0
electronic_energy tensor(-5354.3545, device='cuda:3')
[GPU 3] JVASP-90143_O_c_24 ef=3.0615 sk=7.1605
potential_energy 0.0
electronic_energy tensor(-5374.2773, device='cuda:3')
[GPU 3] JVASP-93342_Ge_a_0 ef=11.5309 sk=0.0000
potential_energy 0.0
electronic_energy tensor(-5799.9883, device='cuda:3')
[GPU 3] JVASP-93460_Mn_a_0 ef=6.7767 sk=0.0005
potential_energy 0.0
electronic_energy tensor(-5799.9453, device='cuda:3')
[GPU 3] JVASP-93954_Mn_a_0 ef=6.9857 sk=0.0001
potential_energy 0.0
electronic_energy tensor(-8498.3857, device='cuda:3')
[GPU 3] JVASP-94296_C_a_0 ef=7.9453 sk=0.0014
potential_energy 0.0
electronic_energy tensor(-5376.7461, device='cuda:3')
[GPU 3] JVASP-94423_Cr_a_0 ef=6.7652 sk=0.0004
potential_energy 0.0
electronic_energy tensor(-925.5989, device='cuda:3')
[GPU 3] JVASP-1130_F_b_8 ef=6.9012 sk=0.0024
potential_energy 0.0
electronic_energy tensor(-686.7886, device='cuda:3')
[GPU 3] JVASP-1180_In_b_0 ef=5.8928 sk=0.0007
potential_energy 0.0
electronic_energy tensor(-989.5733, device='cuda:3')
[GPU 3] JVASP-11959_Ni_e_8 ef=1.2668 sk=0.0049
potential_energy 0.0
electronic_energy tensor(-414.2470, device='cuda:3')
[GPU 3] JVASP-11963_Al_b_4 ef=2.2749 sk=0.0015
potential_energy 0.0
electronic_energy tensor(-1114.6399, device='cuda:3')
[GPU 3] JVASP-11965_Al_k_1 ef=1.7838 sk=0.0057
potential_energy 0.0
electronic_energy tensor(-2355.0889, device='cuda:3')
[GPU 3] JVASP-11968_Ni_c_8 ef=1.169 sk=0.0085
potential_energy 0.0
electronic_energy tensor(-232.1655, device='cuda:3')
[GPU 3] JVASP-11981_Al_a_6 ef=3.8355 sk=0.0022
potential_energy 0.0
electronic_energy tensor(-343.1965, device='cuda:3')
[GPU 3] JVASP-1216_O_a_4 ef=3.2986 sk=0.0028
potential_energy 0.0
electronic_energy tensor(-586.2128, device='cuda:3')
[GPU 3] JVASP-1312_P_d_8 ef=4.7645 sk=0.0010
potential_energy 0.0
electronic_energy tensor(-563.4257, device='cuda:3')
[GPU 3] JVASP-1393_P_d_8 ef=2.5687 sk=0.0025
potential_energy 0.0
electronic_energy tensor(-757.6652, device='cuda:3')
[GPU 3] JVASP-1405_O_b_8 ef=7.0958 sk=0.0199
potential_energy 0.0
electronic_energy tensor(-252.3292, device='cuda:3')
[GPU 3] JVASP-1453_Al_b_0 ef=11.8289 sk=0.0005
potential_energy 0.0
electronic_energy tensor(-533.2491, device='cuda:3')
[GPU 3] JVASP-14739_Ni_h_2 ef=1.4205 sk=0.0003
potential_energy 0.0
electronic_energy tensor(-2423.9727, device='cuda:3')
[GPU 3] JVASP-14971_Al_a_0 ef=3.1835 sk=0.0015
potential_energy 0.0
electronic_energy tensor(-273.3345, device='cuda:3')
[GPU 3] JVASP-16660_Al_j_8 ef=2.2599 sk=0.0134
potential_energy 0.0
electronic_energy tensor(-192.0067, device='cuda:3')
[GPU 3] JVASP-16852_Al_e_0 ef=0.9349 sk=0.0101
potential_energy 0.0
electronic_energy tensor(-442.2603, device='cuda:3')
[GPU 3] JVASP-17185_Fe_g_0 ef=1.7509 sk=0.0015
potential_energy 0.0
electronic_energy tensor(-989.6426, device='cuda:3')
[GPU 3] JVASP-17422_Ni_h_12 ef=1.1024 sk=0.0003
potential_energy 0.0
electronic_energy tensor(-251.3609, device='cuda:3')
[GPU 3] JVASP-17864_Fe_c_0 ef=0.5594 sk=0.0015
potential_energy 0.0
electronic_energy tensor(-319.3414, device='cuda:3')
[GPU 3] JVASP-18691_Zr_a_0 ef=2.7183 sk=0.0025
potential_energy 0.0
electronic_energy tensor(-290.4504, device='cuda:3')
[GPU 1] JVASP-17422_Ni_a_6 ef=1.346 sk=0.0006
potential_energy 0.0
electronic_energy tensor(-1060.2013, device='cuda:1')
[GPU 1] JVASP-17422_Al_j_2 ef=2.5641 sk=0.0028
potential_energy 0.0
electronic_energy tensor(-1726.0658, device='cuda:1')
[GPU 1] JVASP-17_N_d_18 ef=7.7239 sk=0.0045
potential_energy 0.0
electronic_energy tensor(-280.7025, device='cuda:1')
[GPU 1] JVASP-18691_Cu_e_2 ef=0.8036 sk=0.0015
potential_energy 0.0
electronic_energy tensor(-1281.8423, device='cuda:1')
[GPU 1] JVASP-1954_Cl_b_8 ef=2.2433 sk=0.0036
potential_energy 0.0
electronic_energy tensor(-2720.3896, device='cuda:1')
[GPU 1] JVASP-19705_Fe_a_0 ef=1.1205 sk=0.0006
potential_energy 0.0
electronic_energy tensor(-1061.1707, device='cuda:1')
[GPU 1] JVASP-19829_Fe_g_0 ef=0.754 sk=0.0004
potential_energy 0.0
electronic_energy tensor(-173.6928, device='cuda:1')
[GPU 1] JVASP-20204_Ti_h_0 ef=2.2487 sk=0.0014
potential_energy 0.0
electronic_energy tensor(-402.8669, device='cuda:1')
[GPU 1] JVASP-20211_Nb_a_0 ef=2.2067 sk=0.0013
potential_energy 0.0
electronic_energy tensor(-1058.8237, device='cuda:1')
[GPU 1] JVASP-20259_Co_d_21 ef=1.6005 sk=0.0043
potential_energy 0.0
electronic_energy tensor(-173.7043, device='cuda:1')
[GPU 1] JVASP-20462_Ti_h_0 ef=2.2484 sk=0.0000
potential_energy 0.0
electronic_energy tensor(-402.8668, device='cuda:1')
[GPU 1] JVASP-20472_Nb_a_0 ef=2.2067 sk=0.0013
potential_energy 0.0
electronic_energy tensor(-645.7606, device='cuda:1')
[GPU 1] JVASP-20625_Cu_a_8 ef=1.068 sk=0.0004
potential_energy 0.0
electronic_energy tensor(-402.1186, device='cuda:1')
[GPU 1] JVASP-20638_Zr_b_0 ef=2.1845 sk=0.0060
potential_energy 0.0
electronic_energy tensor(-496.9343, device='cuda:1')
[GPU 1] JVASP-29559_P_c_2 ef=2.2298 sk=0.0011
potential_energy 0.0
electronic_energy tensor(-618.5154, device='cuda:1')
[GPU 1] JVASP-32_Al_c_0 ef=11.8673 sk=0.0006
potential_energy 0.0
electronic_energy tensor(-74.4648, device='cuda:1')
[GPU 1] JVASP-37045_Al_b_3 ef=3.3583 sk=0.0002
potential_energy 0.0
electronic_energy tensor(-84.1146, device='cuda:1')
[GPU 1] JVASP-37615_Ti_d_0 ef=2.1439 sk=0.0015
potential_energy 0.0
electronic_energy tensor(-218.1768, device='cuda:1')
[GPU 1] JVASP-37941_Fe_c_6 ef=0.5976 sk=0.0012
potential_energy 0.0
electronic_energy tensor(-81.4875, device='cuda:1')
[GPU 1] JVASP-38019_Al_c_0 ef=1.7113 sk=0.0025
potential_energy 0.0
electronic_energy tensor(-471.4426, device='cuda:1')
[GPU 1] JVASP-38020_Cu_a_12 ef=0.6113 sk=0.0006
potential_energy 0.0
electronic_energy tensor(-2355.0994, device='cuda:1')
[GPU 1] JVASP-4403_Ni_c_8 ef=1.1686 sk=0.0023
potential_energy 0.0
electronic_energy tensor(-109.6735, device='cuda:1')
[GPU 1] JVASP-55158_Zr_c_0 ef=1.7802 sk=0.0001
potential_energy 0.0
electronic_energy tensor(-788.3369, device='cuda:1')
[GPU 1] JVASP-5_O_f_4 ef=5.4825 sk=0.0053
potential_energy 0.0
electronic_energy tensor(-616.9960, device='cuda:1')
[GPU 1] JVASP-7678_Mg_a_0 ef=4.0769 sk=0.0007
potential_energy 0.0
electronic_energy tensor(-218.9111, device='cuda:1')
[GPU 1] JVASP-79137_Ag_b_2 ef=1.2981 sk=0.0014
potential_energy 0.0
electronic_energy tensor(-156.2057, device='cuda:1')
[GPU 1] JVASP-7957_Fe_b_1 ef=2.0005 sk=0.0010
Cholesky failed: linalg.cholesky: (Batch element 0): The factorization could not be completed because the input is not positive-definite (the leading minor of order 56 is not positive-definite)., falling back to eig
Cholesky failed: linalg.cholesky: (Batch element 0): The factorization could not be completed because the input is not positive-definite (the leading minor of order 56 is not positive-definite)., falling back to eig
Cholesky failed: linalg.cholesky: (Batch element 0): The factorization could not be completed because the input is not positive-definite (the leading minor of order 56 is not positive-definite)., falling back to eig
Cholesky failed: linalg.cholesky: (Batch element 0): The factorization could not be completed because the input is not positive-definite (the leading minor of order 56 is not positive-definite)., falling back to eig
Cholesky failed: linalg.cholesky: (Batch element 0): The factorization could not be completed because the input is not positive-definite (the leading minor of order 57 is not positive-definite)., falling back to eig
Cholesky failed: linalg.cholesky: (Batch element 0): The factorization could not be completed because the input is not positive-definite (the leading minor of order 59 is not positive-definite)., falling back to eig
Cholesky failed: linalg.cholesky: (Batch element 0): The factorization could not be completed because the input is not positive-definite (the leading minor of order 123 is not positive-definite)., falling back to eig
Cholesky failed: linalg.cholesky: (Batch element 0): The factorization could not be completed because the input is not positive-definite (the leading minor of order 112 is not positive-definite)., falling back to eig
Cholesky failed: linalg.cholesky: (Batch element 0): The factorization could not be completed because the input is not positive-definite (the leading minor of order 100 is not positive-definite)., falling back to eig
Cholesky failed: linalg.cholesky: (Batch element 0): The factorization could not be completed because the input is not positive-definite (the leading minor of order 58 is not positive-definite)., falling back to eig
Cholesky failed: linalg.cholesky: (Batch element 0): The factorization could not be completed because the input is not positive-definite (the leading minor of order 56 is not positive-definite)., falling back to eig
Cholesky failed: linalg.cholesky: (Batch element 0): The factorization could not be completed because the input is not positive-definite (the leading minor of order 56 is not positive-definite)., falling back to eig
Cholesky failed: linalg.cholesky: (Batch element 0): The factorization could not be completed because the input is not positive-definite (the leading minor of order 56 is not positive-definite)., falling back to eig
Cholesky failed: linalg.cholesky: (Batch element 0): The factorization could not be completed because the input is not positive-definite (the leading minor of order 56 is not positive-definite)., falling back to eig
Cholesky failed: linalg.cholesky: (Batch element 0): The factorization could not be completed because the input is not positive-definite (the leading minor of order 56 is not positive-definite)., falling back to eig
Cholesky failed: linalg.cholesky: (Batch element 0): The factorization could not be completed because the input is not positive-definite (the leading minor of order 56 is not positive-definite)., falling back to eig
Cholesky failed: linalg.cholesky: (Batch element 0): The factorization could not be completed because the input is not positive-definite (the leading minor of order 56 is not positive-definite)., falling back to eig
Cholesky failed: linalg.cholesky: (Batch element 0): The factorization could not be completed because the input is not positive-definite (the leading minor of order 56 is not positive-definite)., falling back to eig
Cholesky failed: linalg.cholesky: (Batch element 0): The factorization could not be completed because the input is not positive-definite (the leading minor of order 56 is not positive-definite)., falling back to eig
Cholesky failed: linalg.cholesky: (Batch element 0): The factorization could not be completed because the input is not positive-definite (the leading minor of order 56 is not positive-definite)., falling back to eig
Cholesky failed: linalg.cholesky: (Batch element 0): The factorization could not be completed because the input is not positive-definite (the leading minor of order 65 is not positive-definite)., falling back to eig
Cholesky failed: linalg.cholesky: (Batch element 0): The factorization could not be completed because the input is not positive-definite (the leading minor of order 109 is not positive-definite)., falling back to eig
Cholesky failed: linalg.cholesky: (Batch element 0): The factorization could not be completed because the input is not positive-definite (the leading minor of order 113 is not positive-definite)., falling back to eig
[GPU 2] JVASP-17864_Fe_a_3 ef=1.2968 sk=0.0023
potential_energy 0.0
electronic_energy tensor(-439.3973, device='cuda:2')
[GPU 2] JVASP-18399_Pd_b_8 ef=0.4083 sk=0.0038
potential_energy 0.0
electronic_energy tensor(-249.2397, device='cuda:2')
[GPU 2] JVASP-18825_Fe_d_2 ef=1.1628 sk=0.0008
potential_energy 0.0
electronic_energy tensor(-232.6280, device='cuda:2')
[GPU 2] JVASP-19613_Al_a_0 ef=2.5927 sk=0.0055
potential_energy 0.0
electronic_energy tensor(-2692.8333, device='cuda:2')
[GPU 2] JVASP-19705_Ni_c_8 ef=1.2423 sk=0.0011
potential_energy 0.0
electronic_energy tensor(-1073.9626, device='cuda:2')
[GPU 2] JVASP-19829_P_c_12 ef=2.9969 sk=0.0004
potential_energy 0.0
electronic_energy tensor(-175.9263, device='cuda:2')
[GPU 2] JVASP-20204_Al_c_6 ef=3.758 sk=0.0010
potential_energy 0.0
electronic_energy tensor(-172.4094, device='cuda:2')
[GPU 2] JVASP-20253_Al_a_4 ef=2.8265 sk=0.0011
potential_energy 0.0
electronic_energy tensor(-1058.9124, device='cuda:2')
[GPU 2] JVASP-20259_Co_h_20 ef=1.961 sk=0.0004
potential_energy 0.0
electronic_energy tensor(-175.9264, device='cuda:2')
[GPU 2] JVASP-20462_Al_c_6 ef=3.758 sk=0.0010
potential_energy 0.0
electronic_energy tensor(-685.0742, device='cuda:2')
[GPU 2] JVASP-20482_Fe_g_0 ef=1.6115 sk=0.0017
potential_energy 0.0
electronic_energy tensor(-2510.6343, device='cuda:2')
[GPU 2] JVASP-20628_Fe_a_0 ef=1.4058 sk=0.0006
potential_energy 0.0
electronic_energy tensor(-373.3762, device='cuda:2')
[GPU 2] JVASP-26272_Al_b_4 ef=2.1558 sk=0.0043
potential_energy 0.0
electronic_energy tensor(-478.3415, device='cuda:2')
[GPU 2] JVASP-29559_Fe_b_0 ef=3.4062 sk=0.0152
potential_energy 0.0
electronic_energy tensor(-771.8011, device='cuda:2')
[GPU 2] JVASP-37038_Al_c_8 ef=0.6484 sk=0.0007
potential_energy 0.0
electronic_energy tensor(-2277.4160, device='cuda:2')
[GPU 2] JVASP-37090_Ni_a_24 ef=1.7262 sk=0.0002
potential_energy 0.0
electronic_energy tensor(-73.0579, device='cuda:2')
[GPU 2] JVASP-37615_Nb_a_3 ef=2.143 sk=0.0025
potential_energy 0.0
electronic_energy tensor(-765.1221, device='cuda:2')
[GPU 2] JVASP-37995_Fe_a_9 ef=0.4543 sk=0.0010
potential_energy 0.0
electronic_energy tensor(-44.3171, device='cuda:2')
[GPU 2] JVASP-38019_Cu_b_2 ef=1.407 sk=0.0280
potential_energy 0.0
electronic_energy tensor(-124.7633, device='cuda:2')
[GPU 2] JVASP-42465_Ni_i_1 ef=1.9041 sk=0.0020
potential_energy 0.0
electronic_energy tensor(-1686.3308, device='cuda:2')
[GPU 2] JVASP-50851_Ni_d_0 ef=0.6757 sk=0.0004
potential_energy 0.0
electronic_energy tensor(-72.8432, device='cuda:2')
[GPU 2] JVASP-55158_Cu_a_3 ef=2.0728 sk=0.0004
potential_energy 0.0
electronic_energy tensor(-624.1627, device='cuda:2')
[GPU 2] JVASP-7630_B_d_0 ef=1.6016 sk=0.0006
potential_energy 0.0
electronic_energy tensor(-563.0103, device='cuda:2')
[GPU 2] JVASP-7678_Se_b_8 ef=3.8225 sk=0.0009
potential_energy 0.0
electronic_energy tensor(-252.6088, device='cuda:2')
[GPU 2] JVASP-79137_Pd_a_3 ef=1.0249 sk=0.0048
potential_energy 0.0
electronic_energy tensor(-157.0710, device='cuda:2')
[GPU 2] JVASP-7957_Fe_c_2 ef=1.6178 sk=0.0027
potential_energy 0.0
electronic_energy tensor(-610.1456, device='cuda:2')
[GPU 2] JVASP-8158_Si_d_0 ef=6.3529 sk=0.0012
potential_energy 0.0
electronic_energy tensor(-155.0119, device='cuda:2')
[GPU 2] JVASP-8222_Cu_a_4 ef=1.0747 sk=0.0029
potential_energy 0.0
electronic_energy tensor(-275.4476, device='cuda:2')
[GPU 2] JVASP-85876_Cu_g_1 ef=0.9681 sk=0.0021
potential_energy 0.0
electronic_energy tensor(-342.0619, device='cuda:2')
[GPU 2] JVASP-96839_H_g_10 ef=1.4034 sk=0.0043
potential_energy 0.0
electronic_energy tensor(-1857.7933, device='cuda:2')
[GPU 2] JVASP-13514_Te_e_6 ef=1.0437 sk=0.0598
potential_energy 0.0
electronic_energy tensor(-2053.7793, device='cuda:2')
[GPU 2] JVASP-13526_Br_j_8 ef=4.0694 sk=0.0005
potential_energy 0.0
electronic_energy tensor(-2231.5271, device='cuda:2')
[GPU 2] JVASP-13632_Cl_k_8 ef=2.6075 sk=0.0032
potential_energy 0.0
electronic_energy tensor(-2273.0288, device='cuda:2')
[GPU 2] JVASP-27724_Te_d_18 ef=1.3276 sk=0.0025
potential_energy 0.0
electronic_energy tensor(-1871.5270, device='cuda:2')
[GPU 2] JVASP-27780_Se_n_12 ef=1.6633 sk=0.0989
potential_energy 0.0
electronic_energy tensor(-2413.1465, device='cuda:2')
[GPU 2] JVASP-60244_Fe_a_0 ef=0.3854 sk=0.0043
potential_energy 0.0
electronic_energy tensor(-2536.7822, device='cuda:2')
[GPU 2] JVASP-60497_Fe_c_0 ef=2.4978 sk=0.0079
potential_energy 0.0
electronic_energy tensor(-2958.2451, device='cuda:2')
[GPU 2] JVASP-664_S_h_16 ef=2.8141 sk=0.8141
potential_energy 0.0
electronic_energy tensor(-4374.2017, device='cuda:2')
[GPU 2] JVASP-5935_Ni_a_0 ef=6.6261 sk=0.0007
potential_energy 0.0
electronic_energy tensor(-1765.5377, device='cuda:2')
[GPU 2] JVASP-5977_Ni_a_0 ef=1.4301 sk=0.0061
potential_energy 0.0
electronic_energy tensor(-2536.7476, device='cuda:2')
[GPU 2] JVASP-6742_Fe_c_0 ef=2.5006 sk=0.0082
potential_energy 0.0
electronic_energy tensor(-1252.2782, device='cuda:2')
[GPU 2] JVASP-780_Ti_a_0 ef=3.6216 sk=0.0062
[GPU 2] Total timeouts: 0
Cholesky failed: linalg.cholesky: (Batch element 0): The factorization could not be completed because the input is not positive-definite (the leading minor of order 131 is not positive-definite)., falling back to eig
Cholesky failed: linalg.cholesky: (Batch element 0): The factorization could not be completed because the input is not positive-definite (the leading minor of order 129 is not positive-definite)., falling back to eig
Cholesky failed: linalg.cholesky: (Batch element 0): The factorization could not be completed because the input is not positive-definite (the leading minor of order 121 is not positive-definite)., falling back to eig
Cholesky failed: linalg.cholesky: (Batch element 0): The factorization could not be completed because the input is not positive-definite (the leading minor of order 111 is not positive-definite)., falling back to eig
Cholesky failed: linalg.cholesky: (Batch element 0): The factorization could not be completed because the input is not positive-definite (the leading minor of order 93 is not positive-definite)., falling back to eig
Cholesky failed: linalg.cholesky: (Batch element 0): The factorization could not be completed because the input is not positive-definite (the leading minor of order 92 is not positive-definite)., falling back to eig
Cholesky failed: linalg.cholesky: (Batch element 0): The factorization could not be completed because the input is not positive-definite (the leading minor of order 91 is not positive-definite)., falling back to eig
Cholesky failed: linalg.cholesky: (Batch element 0): The factorization could not be completed because the input is not positive-definite (the leading minor of order 91 is not positive-definite)., falling back to eig
Cholesky failed: linalg.cholesky: (Batch element 0): The factorization could not be completed because the input is not positive-definite (the leading minor of order 91 is not positive-definite)., falling back to eig
Cholesky failed: linalg.cholesky: (Batch element 0): The factorization could not be completed because the input is not positive-definite (the leading minor of order 93 is not positive-definite)., falling back to eig
Cholesky failed: linalg.cholesky: (Batch element 0): The factorization could not be completed because the input is not positive-definite (the leading minor of order 111 is not positive-definite)., falling back to eig
Cholesky failed: linalg.cholesky: (Batch element 0): The factorization could not be completed because the input is not positive-definite (the leading minor of order 127 is not positive-definite)., falling back to eig
Cholesky failed: linalg.cholesky: (Batch element 0): The factorization could not be completed because the input is not positive-definite (the leading minor of order 176 is not positive-definite)., falling back to eig
Cholesky failed: linalg.cholesky: (Batch element 0): The factorization could not be completed because the input is not positive-definite (the leading minor of order 172 is not positive-definite)., falling back to eig
Cholesky failed: linalg.cholesky: (Batch element 0): The factorization could not be completed because the input is not positive-definite (the leading minor of order 121 is not positive-definite)., falling back to eig
Cholesky failed: linalg.cholesky: (Batch element 0): The factorization could not be completed because the input is not positive-definite (the leading minor of order 111 is not positive-definite)., falling back to eig
Cholesky failed: linalg.cholesky: (Batch element 0): The factorization could not be completed because the input is not positive-definite (the leading minor of order 93 is not positive-definite)., falling back to eig
Cholesky failed: linalg.cholesky: (Batch element 0): The factorization could not be completed because the input is not positive-definite (the leading minor of order 92 is not positive-definite)., falling back to eig
Cholesky failed: linalg.cholesky: (Batch element 0): The factorization could not be completed because the input is not positive-definite (the leading minor of order 91 is not positive-definite)., falling back to eig
potential_energy 0.0
electronic_energy tensor(3957.6064, device='cuda:1')
[GPU 1] JVASP-8082_Sr_a_0 ef=8.5042 sk=0.0020
potential_energy 0.0
electronic_energy tensor(-694.1195, device='cuda:1')
[GPU 1] JVASP-8169_N_c_8 ef=2.8716 sk=0.0072
potential_energy 0.0
electronic_energy tensor(-275.2655, device='cuda:1')
[GPU 1] JVASP-85876_Cu_c_2 ef=0.7364 sk=0.0012
potential_energy 0.0
electronic_energy tensor(-369.3089, device='cuda:1')
[GPU 1] JVASP-86371_Cu_a_5 ef=0.9769 sk=0.0026
potential_energy 0.0
electronic_energy tensor(-341.6391, device='cuda:1')
[GPU 1] JVASP-96839_H_d_12 ef=1.2269 sk=0.0068
potential_energy 0.0
electronic_energy tensor(-1856.4956, device='cuda:1')
[GPU 1] JVASP-13514_Te_a_12 ef=1.4561 sk=0.0030
potential_energy 0.0
electronic_energy tensor(-2053.0286, device='cuda:1')
[GPU 1] JVASP-13526_Br_i_12 ef=6.461 sk=0.0008
potential_energy 0.0
electronic_energy tensor(-2300.8818, device='cuda:1')
[GPU 1] JVASP-13632_Ti_c_0 ef=2.8449 sk=0.0017
potential_energy 0.0
electronic_energy tensor(-2272.4043, device='cuda:1')
[GPU 1] JVASP-27724_Te_a_36 ef=1.8234 sk=0.0102
potential_energy 0.0
electronic_energy tensor(-1870.6909, device='cuda:1')
[GPU 1] JVASP-27780_Se_m_18 ef=2.0939 sk=0.0015
potential_energy 0.0
electronic_energy tensor(-1938.6594, device='cuda:1')
[GPU 1] JVASP-27864_P_b_36 ef=3.5579 sk=0.0030
potential_energy 0.0
electronic_energy tensor(-2515.0444, device='cuda:1')
[GPU 1] JVASP-60497_Cl_k_8 ef=0.6669 sk=0.0014
potential_energy 0.0
electronic_energy tensor(-2970.9277, device='cuda:1')
[GPU 1] JVASP-664_Mo_e_0 ef=6.9868 sk=0.4737
potential_energy 0.0
electronic_energy tensor(-1525.2893, device='cuda:1')
[GPU 1] JVASP-688_N_c_16 ef=7.9213 sk=0.0115
potential_energy 0.0
electronic_energy tensor(-1705.8721, device='cuda:1')
[GPU 1] JVASP-5974_Se_c_18 ef=3.0761 sk=0.0016
potential_energy 0.0
electronic_energy tensor(-2196.1714, device='cuda:1')
[GPU 1] JVASP-6667_Fe_a_0 ef=0.507 sk=0.0080
potential_energy 0.0
electronic_energy tensor(-1440.5900, device='cuda:1')
[GPU 1] JVASP-771_Ti_a_0 ef=7.5579 sk=0.0068
potential_energy 0.0
electronic_energy tensor(-2773.6816, device='cuda:1')
[GPU 1] JVASP-792_S_e_12 ef=0.5643 sk=2.5886
[GPU 1] Total timeouts: 0
[GPU 3] JVASP-18825_Al_a_0 ef=2.646 sk=0.0020
potential_energy 0.0
electronic_energy tensor(-232.1725, device='cuda:3')
[GPU 3] JVASP-19613_Al_d_1 ef=2.6018 sk=0.0064
potential_energy 0.0
electronic_energy tensor(-845.2249, device='cuda:3')
[GPU 3] JVASP-19729_Ni_a_8 ef=1.0759 sk=0.0092
potential_energy 0.0
electronic_energy tensor(-222.1036, device='cuda:3')
[GPU 3] JVASP-19834_Nb_c_0 ef=2.3626 sk=0.0017
potential_energy 0.0
electronic_energy tensor(-414.2470, device='cuda:3')
[GPU 3] JVASP-20211_Al_b_4 ef=2.2749 sk=0.0015
potential_energy 0.0
electronic_energy tensor(-1115.7432, device='cuda:3')
[GPU 3] JVASP-20259_Al_a_0 ef=1.8116 sk=0.0095
potential_energy 0.0
electronic_energy tensor(-2510.6343, device='cuda:3')
[GPU 3] JVASP-20436_Fe_a_0 ef=1.4058 sk=0.0006
potential_energy 0.0
electronic_energy tensor(-414.2470, device='cuda:3')
[GPU 3] JVASP-20472_Al_b_4 ef=2.2749 sk=0.0015
potential_energy 0.0
electronic_energy tensor(-700.2764, device='cuda:3')
[GPU 3] JVASP-20482_C_a_8 ef=0.3502 sk=0.0020
potential_energy 0.0
electronic_energy tensor(-172.4094, device='cuda:3')
[GPU 3] JVASP-20524_Al_a_4 ef=2.8265 sk=0.0011
potential_energy 0.0
electronic_energy tensor(-2484.3477, device='cuda:3')
[GPU 3] JVASP-20628_Ni_d_16 ef=1.7246 sk=0.0005
potential_energy 0.0
electronic_energy tensor(-371.9988, device='cuda:3')
[GPU 3] JVASP-26272_Al_d_8 ef=2.3233 sk=0.0039
potential_energy 0.0
electronic_energy tensor(-732.6130, device='cuda:3')
[GPU 3] JVASP-30_Ga_b_0 ef=6.6543 sk=0.0016
potential_energy 0.0
electronic_energy tensor(-72.4362, device='cuda:3')
[GPU 3] JVASP-37045_Ti_a_2 ef=1.6321 sk=0.0024
potential_energy 0.0
electronic_energy tensor(-104.4963, device='cuda:3')
[GPU 3] JVASP-3717_H_e_2 ef=1.1921 sk=0.0008
potential_energy 0.0
electronic_energy tensor(-73.2459, device='cuda:3')
[GPU 3] JVASP-37599_Nb_a_3 ef=2.2848 sk=0.0039
potential_energy 0.0
electronic_energy tensor(-571.2815, device='cuda:3')
[GPU 3] JVASP-37857_Cu_d_0 ef=0.3418 sk=0.0024
potential_energy 0.0
electronic_energy tensor(-409.6561, device='cuda:3')
[GPU 3] JVASP-37996_Fe_d_3 ef=0.8737 sk=0.0005
potential_energy 0.0
electronic_energy tensor(-510.7438, device='cuda:3')
[GPU 3] JVASP-38020_Al_b_0 ef=0.5108 sk=0.0083
potential_energy 0.0
electronic_energy tensor(-184.2986, device='cuda:3')
[GPU 3] JVASP-42465_Cr_a_0 ef=1.5468 sk=0.0004
potential_energy 0.0
electronic_energy tensor(-955.2972, device='cuda:3')
[GPU 3] JVASP-54444_Fe_c_3 ef=1.5681 sk=0.0002
potential_energy 0.0
electronic_energy tensor(-1198.5811, device='cuda:3')
[GPU 3] JVASP-59544_Fe_b_1 ef=1.5534 sk=0.0004
potential_energy 0.0
electronic_energy tensor(-608.0253, device='cuda:3')
[GPU 3] JVASP-7630_As_a_8 ef=4.5971 sk=0.0025
potential_energy 0.0
electronic_energy tensor(-688.2836, device='cuda:3')
[GPU 3] JVASP-7844_Al_a_0 ef=8.6388 sk=0.0008
potential_energy 0.0
electronic_energy tensor(-615.2869, device='cuda:3')
[GPU 3] JVASP-7937_Fe_a_0 ef=3.4461 sk=0.0017
potential_energy 0.0
electronic_energy tensor(-198.7035, device='cuda:3')
[GPU 3] JVASP-7957_Al_a_0 ef=3.9505 sk=0.0015
potential_energy 0.0
electronic_energy tensor(-597.7245, device='cuda:3')
[GPU 3] JVASP-8158_C_a_8 ef=3.5283 sk=0.0019
potential_energy 0.0
electronic_energy tensor(-491.7620, device='cuda:3')
[GPU 3] JVASP-85865_Ga_c_0 ef=2.3502 sk=0.0020
potential_energy 0.0
electronic_energy tensor(-408.1941, device='cuda:3')
[GPU 3] JVASP-86371_Al_d_0 ef=1.0677 sk=0.0007
potential_energy 0.0
electronic_energy tensor(-329.2293, device='cuda:3')
[GPU 3] JVASP-95_S_b_2 ef=2.4013 sk=0.4170
potential_energy 0.0
electronic_energy tensor(-342.8223, device='cuda:3')
[GPU 3] JVASP-96839_H_h_6 ef=1.3903 sk=0.0161
potential_energy 0.0
electronic_energy tensor(-1879.1453, device='cuda:3')
[GPU 3] JVASP-13514_Zr_b_0 ef=4.5316 sk=0.0136
potential_energy 0.0
electronic_energy tensor(-5418.0137, device='cuda:3')
[GPU 3] JVASP-13536_Sb_d_9 ef=0.8708 sk=0.0004
potential_energy 0.0
electronic_energy tensor(-2174.5688, device='cuda:3')
[GPU 3] JVASP-14431_Se_c_18 ef=3.1729 sk=0.0011
potential_energy 0.0
electronic_energy tensor(-1904.0970, device='cuda:3')
[GPU 3] JVASP-27780_Zr_b_0 ef=6.507 sk=0.0018
potential_energy 0.0
electronic_energy tensor(-844.4656, device='cuda:3')
[GPU 3] JVASP-27862_As_d_0 ef=1.7633 sk=0.0020
potential_energy 0.0
electronic_energy tensor(-2448.5337, device='cuda:3')
[GPU 3] JVASP-60477_Cl_k_8 ef=2.4668 sk=0.0015
potential_energy 0.0
electronic_energy tensor(-2374.1526, device='cuda:3')
[GPU 3] JVASP-60525_Ag_b_4 ef=8.2299 sk=0.0002
potential_energy 0.0
electronic_energy tensor(-2571.1035, device='cuda:3')
[GPU 3] JVASP-667_C_c_0 ef=7.9083 sk=0.5875
potential_energy 0.0
electronic_energy tensor(-1630.9453, device='cuda:3')
[GPU 3] JVASP-5944_S_h_18 ef=2.787 sk=1.6581
potential_energy 0.0
electronic_energy tensor(-1804.9055, device='cuda:3')
[GPU 3] JVASP-5977_Te_d_9 ef=0.6404 sk=0.2263
potential_energy 0.0
electronic_energy tensor(-1472.3911, device='cuda:3')
[GPU 3] JVASP-680_Se_d_9 ef=1.6391 sk=0.0014
potential_energy 0.0
electronic_energy tensor(-1222.2307, device='cuda:3')
[GPU 3] JVASP-780_Te_d_9 ef=2.0195 sk=0.0022
[GPU 3] Total timeouts: 0
[GPU 0] JVASP-17422_Al_b_0 ef=2.4528 sk=0.0031
potential_energy 0.0
electronic_energy tensor(-258.6127, device='cuda:0')
[GPU 0] JVASP-17864_P_b_4 ef=1.3037 sk=0.0035
potential_energy 0.0
electronic_energy tensor(-281.8211, device='cuda:0')
[GPU 0] JVASP-18691_Cu_c_1 ef=1.4924 sk=0.0044
potential_energy 0.0
electronic_energy tensor(-1283.8668, device='cuda:0')
[GPU 0] JVASP-1954_Ag_a_0 ef=0.5072 sk=0.0009
potential_energy 0.0
electronic_energy tensor(-774.2754, device='cuda:0')
[GPU 0] JVASP-19673_Fe_a_8 ef=1.4153 sk=0.0016
potential_energy 0.0
electronic_energy tensor(-1060.5970, device='cuda:0')
[GPU 0] JVASP-19829_Fe_f_6 ef=0.6901 sk=0.0006
potential_energy 0.0
electronic_energy tensor(-232.1346, device='cuda:0')
[GPU 0] JVASP-19834_Al_a_6 ef=3.8355 sk=0.0009
potential_energy 0.0
electronic_energy tensor(-412.3990, device='cuda:0')
[GPU 0] JVASP-20211_Al_d_8 ef=2.6977 sk=0.0001
potential_energy 0.0
electronic_energy tensor(-1114.6613, device='cuda:0')
[GPU 0] JVASP-20259_Al_k_1 ef=1.7843 sk=0.0010
potential_energy 0.0
electronic_energy tensor(-2484.3477, device='cuda:0')
[GPU 0] JVASP-20436_Ni_d_16 ef=1.7246 sk=0.0005
potential_energy 0.0
electronic_energy tensor(-412.3990, device='cuda:0')
[GPU 0] JVASP-20472_Al_d_8 ef=2.6977 sk=0.0001
potential_energy 0.0
electronic_energy tensor(-95.3090, device='cuda:0')
[GPU 0] JVASP-20491_Sm_a_0 ef=2.6776 sk=0.0384
potential_energy 0.0
electronic_energy tensor(-683.0428, device='cuda:0')
[GPU 0] JVASP-20625_Zr_b_0 ef=1.6869 sk=0.0016
potential_energy 0.0
electronic_energy tensor(-332.4569, device='cuda:0')
[GPU 0] JVASP-20638_Ni_c_2 ef=2.0853 sk=0.0066
potential_energy 0.0
electronic_energy tensor(-372.3420, device='cuda:0')
[GPU 0] JVASP-26272_Ti_a_0 ef=2.0679 sk=0.0033
potential_energy 0.0
electronic_energy tensor(-558.6562, device='cuda:0')
[GPU 0] JVASP-32_O_e_4 ef=7.1956 sk=2.5050
potential_energy 0.0
electronic_energy tensor(-71.7765, device='cuda:0')
[GPU 0] JVASP-37045_Ti_c_0 ef=2.2494 sk=0.0037
potential_energy 0.0
electronic_energy tensor(-84.3220, device='cuda:0')
[GPU 0] JVASP-3717_Al_b_0 ef=6.5116 sk=0.0018
potential_energy 0.0
electronic_energy tensor(-81.9523, device='cuda:0')
[GPU 0] JVASP-37615_Ti_b_2 ef=2.1941 sk=0.0015
potential_energy 0.0
electronic_energy tensor(-260.6817, device='cuda:0')
[GPU 0] JVASP-37941_Al_h_0 ef=1.0176 sk=0.0038
potential_energy 0.0
electronic_energy tensor(-451.2693, device='cuda:0')
[GPU 0] JVASP-37996_Al_a_0 ef=3.452 sk=0.0009
potential_energy 0.0
electronic_energy tensor(-510.2291, device='cuda:0')
[GPU 0] JVASP-38020_Al_h_4 ef=0.867 sk=0.0023
potential_energy 0.0
electronic_energy tensor(-2423.9727, device='cuda:0')
[GPU 0] JVASP-4403_Al_a_0 ef=3.1834 sk=0.0015
potential_energy 0.0
electronic_energy tensor(-970.7547, device='cuda:0')
[GPU 0] JVASP-54444_C_a_12 ef=1.5668 sk=0.0007
potential_energy 0.0
electronic_energy tensor(-1214.7859, device='cuda:0')
[GPU 0] JVASP-59544_C_c_14 ef=0.2104 sk=0.0005
potential_energy 0.0
electronic_energy tensor(-909.0907, device='cuda:0')
[GPU 0] JVASP-7631_P_c_8 ef=3.0377 sk=0.0027
potential_energy 0.0
electronic_energy tensor(-653.9056, device='cuda:0')
[GPU 0] JVASP-7844_N_c_8 ef=5.5771 sk=0.0021
potential_energy 0.0
electronic_energy tensor(-634.3031, device='cuda:0')
[GPU 0] JVASP-7937_P_g_4 ef=3.1266 sk=0.0127
potential_energy 0.0
electronic_energy tensor(-384.7725, device='cuda:0')
[GPU 0] JVASP-79797_Ni_c_4 ef=1.9862 sk=0.0024
potential_energy 0.0
electronic_energy tensor(-731.6090, device='cuda:0')
[GPU 0] JVASP-8169_Ga_a_0 ef=6.4218 sk=0.0003
potential_energy 0.0
electronic_energy tensor(-317.3322, device='cuda:0')
[GPU 0] JVASP-85876_La_a_0 ef=3.3518 sk=0.0011
potential_energy 0.0
electronic_energy tensor(-408.6891, device='cuda:0')
[GPU 0] JVASP-86371_Al_i_1 ef=1.61 sk=0.0010
potential_energy 0.0
electronic_energy tensor(-323.0500, device='cuda:0')
[GPU 0] JVASP-96839_Al_b_3 ef=6.8933 sk=0.0011
potential_energy 0.0
electronic_energy tensor(-3803.8337, device='cuda:0')
[GPU 0] JVASP-27978_O_d_16 ef=3.4966 sk=0.0025
potential_energy 0.0
electronic_energy tensor(-2111.2949, device='cuda:0')
[GPU 0] JVASP-13526_Y_h_0 ef=11.4504 sk=0.0012
potential_energy 0.0
electronic_energy tensor(-2432.3433, device='cuda:0')
[GPU 0] JVASP-13600_Fe_c_4 ef=2.4037 sk=0.0042
potential_energy 0.0
electronic_energy tensor(-1138.5684, device='cuda:0')
[GPU 0] JVASP-19989_S_b_12 ef=2.0397 sk=1.2936
potential_energy 0.0
electronic_energy tensor(-1901.0154, device='cuda:0')
[GPU 0] JVASP-27780_Ti_d_6 ef=5.8432 sk=0.0194
potential_energy 0.0
electronic_energy tensor(-1934.4050, device='cuda:0')
[GPU 0] JVASP-27864_Te_d_18 ef=1.7689 sk=0.0025
potential_energy 0.0
electronic_energy tensor(-2487.0737, device='cuda:0')
[GPU 0] JVASP-60477_Ru_d_0 ef=1.6102 sk=0.0005
potential_energy 0.0
electronic_energy tensor(-2391.0762, device='cuda:0')
[GPU 0] JVASP-60525_Se_c_16 ef=9.4783 sk=0.0781
potential_energy 0.0
electronic_energy tensor(-1563.1459, device='cuda:0')
[GPU 0] JVASP-688_B_e_0 ef=10.1013 sk=0.0165
potential_energy 0.0
electronic_energy tensor(-1379.1294, device='cuda:0')
[GPU 0] JVASP-5950_Sc_d_0 ef=2.3547 sk=0.0016
potential_energy 0.0
electronic_energy tensor(-2404.2612, device='cuda:0')
[GPU 0] JVASP-5983_P_h_0 ef=2.0112 sk=0.0086
potential_energy 0.0
electronic_energy tensor(-1405.9713, device='cuda:0')
[GPU 0] JVASP-762_Se_d_9 ef=1.205 sk=0.1415
potential_energy 0.0
electronic_energy tensor(-1404.8450, device='cuda:0')
[GPU 0] JVASP-789_Zr_a_0 ef=7.3211 sk=0.0009
[GPU 0] Total timeouts: 0

Completed: 444 structures
